<?xml version="1.0" encoding="UTF-8"?>
<!-- Generated by org.testng.reporters.JUnitReportReporter -->
<testsuite hostname="Sgulbas" failures="0" tests="1" name="Runner.TestScript" time="4.381" errors="0" timestamp="2025-07-03T15:17:26 CDT" skipped="0">
  <testcase classname="Runner.TestScript" name="test" time="4.381"/>
</testsuite> <!-- Runner.TestScript -->
