<?xml version="1.0" encoding="UTF-8"?>
<!-- Generated by org.testng.reporters.JUnitReportReporter -->
<testsuite hostname="Sgulbas" failures="0" tests="1" name="Runner.TestNGCucumberRunner" time="7.232" errors="0" timestamp="2025-07-03T16:22:49 CDT" skipped="0">
  <testcase classname="Runner.TestNGCucumberRunner" name="runScenario" time="7.232"/>
</testsuite> <!-- Runner.TestNGCucumberRunner -->
